<?xml version="1.0" encoding="UTF-8"?>
<testsuites>
  <testsuite name="/run/media/reip/REISAN/pw/inventori-app/backend/phpunit.xml" tests="35" assertions="90" errors="0" failures="0" skipped="0" time="1.327704">
    <testsuite name="Unit" tests="1" assertions="1" errors="0" failures="0" skipped="0" time="0.000288">
      <testsuite name="Tests\Unit\ExampleTest" file="/run/media/reip/REISAN/pw/inventori-app/backend/tests/Unit/ExampleTest.php" tests="1" assertions="1" errors="0" failures="0" skipped="0" time="0.000288">
        <testcase name="test_that_true_is_true" file="/run/media/reip/REISAN/pw/inventori-app/backend/tests/Unit/ExampleTest.php" line="12" class="Tests\Unit\ExampleTest" classname="Tests.Unit.ExampleTest" assertions="1" time="0.000288"/>
      </testsuite>
    </testsuite>
    <testsuite name="Feature" tests="34" assertions="89" errors="0" failures="0" skipped="0" time="1.327415">
      <testsuite name="Tests\Feature\AuthTest" file="/run/media/reip/REISAN/pw/inventori-app/backend/tests/Feature/AuthTest.php" tests="17" assertions="44" errors="0" failures="0" skipped="0" time="0.994417">
        <testcase name="login_with_valid_credentials_returns_token" file="/run/media/reip/REISAN/pw/inventori-app/backend/tests/Feature/AuthTest.php" line="34" class="Tests\Feature\AuthTest" classname="Tests.Feature.AuthTest" assertions="13" time="0.716353"/>
        <testcase name="login_response_includes_role_and_must_change_password_flag" file="/run/media/reip/REISAN/pw/inventori-app/backend/tests/Feature/AuthTest.php" line="58" class="Tests\Feature\AuthTest" classname="Tests.Feature.AuthTest" assertions="2" time="0.018504"/>
        <testcase name="login_with_wrong_password_returns_401_with_generic_message" file="/run/media/reip/REISAN/pw/inventori-app/backend/tests/Feature/AuthTest.php" line="79" class="Tests\Feature\AuthTest" classname="Tests.Feature.AuthTest" assertions="2" time="0.016939"/>
        <testcase name="login_with_nonexistent_email_returns_401_with_generic_message" file="/run/media/reip/REISAN/pw/inventori-app/backend/tests/Feature/AuthTest.php" line="99" class="Tests\Feature\AuthTest" classname="Tests.Feature.AuthTest" assertions="2" time="0.013508"/>
        <testcase name="login_with_inactive_account_returns_401" file="/run/media/reip/REISAN/pw/inventori-app/backend/tests/Feature/AuthTest.php" line="114" class="Tests\Feature\AuthTest" classname="Tests.Feature.AuthTest" assertions="2" time="0.022194"/>
        <testcase name="login_with_missing_fields_returns_400" file="/run/media/reip/REISAN/pw/inventori-app/backend/tests/Feature/AuthTest.php" line="128" class="Tests\Feature\AuthTest" classname="Tests.Feature.AuthTest" assertions="2" time="0.013626"/>
        <testcase name="logout_with_valid_token_returns_success" file="/run/media/reip/REISAN/pw/inventori-app/backend/tests/Feature/AuthTest.php" line="141" class="Tests\Feature\AuthTest" classname="Tests.Feature.AuthTest" assertions="2" time="0.019233"/>
        <testcase name="logout_without_token_returns_401" file="/run/media/reip/REISAN/pw/inventori-app/backend/tests/Feature/AuthTest.php" line="153" class="Tests\Feature\AuthTest" classname="Tests.Feature.AuthTest" assertions="2" time="0.016982"/>
        <testcase name="me_returns_authenticated_user_info" file="/run/media/reip/REISAN/pw/inventori-app/backend/tests/Feature/AuthTest.php" line="166" class="Tests\Feature\AuthTest" classname="Tests.Feature.AuthTest" assertions="2" time="0.016114"/>
        <testcase name="me_without_token_returns_401" file="/run/media/reip/REISAN/pw/inventori-app/backend/tests/Feature/AuthTest.php" line="184" class="Tests\Feature\AuthTest" classname="Tests.Feature.AuthTest" assertions="2" time="0.013070"/>
        <testcase name="change_password_with_valid_data_succeeds" file="/run/media/reip/REISAN/pw/inventori-app/backend/tests/Feature/AuthTest.php" line="197" class="Tests\Feature\AuthTest" classname="Tests.Feature.AuthTest" assertions="3" time="0.020085"/>
        <testcase name="change_password_clears_must_change_password_flag" file="/run/media/reip/REISAN/pw/inventori-app/backend/tests/Feature/AuthTest.php" line="216" class="Tests\Feature\AuthTest" classname="Tests.Feature.AuthTest" assertions="2" time="0.022173"/>
        <testcase name="change_password_with_wrong_old_password_returns_400" file="/run/media/reip/REISAN/pw/inventori-app/backend/tests/Feature/AuthTest.php" line="234" class="Tests\Feature\AuthTest" classname="Tests.Feature.AuthTest" assertions="2" time="0.018159"/>
        <testcase name="change_password_with_mismatched_confirmation_returns_400" file="/run/media/reip/REISAN/pw/inventori-app/backend/tests/Feature/AuthTest.php" line="250" class="Tests\Feature\AuthTest" classname="Tests.Feature.AuthTest" assertions="2" time="0.017882"/>
        <testcase name="change_password_with_short_new_password_returns_400" file="/run/media/reip/REISAN/pw/inventori-app/backend/tests/Feature/AuthTest.php" line="266" class="Tests\Feature\AuthTest" classname="Tests.Feature.AuthTest" assertions="2" time="0.018728"/>
        <testcase name="change_password_without_token_returns_401" file="/run/media/reip/REISAN/pw/inventori-app/backend/tests/Feature/AuthTest.php" line="282" class="Tests\Feature\AuthTest" classname="Tests.Feature.AuthTest" assertions="1" time="0.013755"/>
        <testcase name="must_change_password_middleware_blocks_protected_routes" file="/run/media/reip/REISAN/pw/inventori-app/backend/tests/Feature/AuthTest.php" line="298" class="Tests\Feature\AuthTest" classname="Tests.Feature.AuthTest" assertions="1" time="0.017115"/>
      </testsuite>
      <testsuite name="Tests\Feature\ExampleTest" file="/run/media/reip/REISAN/pw/inventori-app/backend/tests/Feature/ExampleTest.php" tests="1" assertions="1" errors="0" failures="0" skipped="0" time="0.024583">
        <testcase name="test_the_application_returns_a_successful_response" file="/run/media/reip/REISAN/pw/inventori-app/backend/tests/Feature/ExampleTest.php" line="14" class="Tests\Feature\ExampleTest" classname="Tests.Feature.ExampleTest" assertions="1" time="0.024583"/>
      </testsuite>
      <testsuite name="Tests\Feature\UserManagementTest" file="/run/media/reip/REISAN/pw/inventori-app/backend/tests/Feature/UserManagementTest.php" tests="16" assertions="44" errors="0" failures="0" skipped="0" time="0.308415">
        <testcase name="pengelola_can_list_users" file="/run/media/reip/REISAN/pw/inventori-app/backend/tests/Feature/UserManagementTest.php" line="47" class="Tests\Feature\UserManagementTest" classname="Tests.Feature.UserManagementTest" assertions="10" time="0.032295"/>
        <testcase name="kasir_cannot_list_users" file="/run/media/reip/REISAN/pw/inventori-app/backend/tests/Feature/UserManagementTest.php" line="65" class="Tests\Feature\UserManagementTest" classname="Tests.Feature.UserManagementTest" assertions="2" time="0.015764"/>
        <testcase name="unauthenticated_user_cannot_list_users" file="/run/media/reip/REISAN/pw/inventori-app/backend/tests/Feature/UserManagementTest.php" line="83" class="Tests\Feature\UserManagementTest" classname="Tests.Feature.UserManagementTest" assertions="1" time="0.012874"/>
        <testcase name="pengelola_can_create_kasir_account" file="/run/media/reip/REISAN/pw/inventori-app/backend/tests/Feature/UserManagementTest.php" line="95" class="Tests\Feature\UserManagementTest" classname="Tests.Feature.UserManagementTest" assertions="3" time="0.031546"/>
        <testcase name="store_sends_email_with_temp_password" file="/run/media/reip/REISAN/pw/inventori-app/backend/tests/Feature/UserManagementTest.php" line="126" class="Tests\Feature\UserManagementTest" classname="Tests.Feature.UserManagementTest" assertions="2" time="0.018342"/>
        <testcase name="store_returns_temp_password_in_response" file="/run/media/reip/REISAN/pw/inventori-app/backend/tests/Feature/UserManagementTest.php" line="145" class="Tests\Feature\UserManagementTest" classname="Tests.Feature.UserManagementTest" assertions="6" time="0.015598"/>
        <testcase name="store_rejects_duplicate_email" file="/run/media/reip/REISAN/pw/inventori-app/backend/tests/Feature/UserManagementTest.php" line="166" class="Tests\Feature\UserManagementTest" classname="Tests.Feature.UserManagementTest" assertions="2" time="0.015940"/>
        <testcase name="store_rejects_invalid_role" file="/run/media/reip/REISAN/pw/inventori-app/backend/tests/Feature/UserManagementTest.php" line="190" class="Tests\Feature\UserManagementTest" classname="Tests.Feature.UserManagementTest" assertions="2" time="0.015031"/>
        <testcase name="store_rejects_missing_fields" file="/run/media/reip/REISAN/pw/inventori-app/backend/tests/Feature/UserManagementTest.php" line="207" class="Tests\Feature\UserManagementTest" classname="Tests.Feature.UserManagementTest" assertions="2" time="0.015151"/>
        <testcase name="kasir_cannot_create_user" file="/run/media/reip/REISAN/pw/inventori-app/backend/tests/Feature/UserManagementTest.php" line="219" class="Tests\Feature\UserManagementTest" classname="Tests.Feature.UserManagementTest" assertions="2" time="0.015180"/>
        <testcase name="pengelola_can_deactivate_user" file="/run/media/reip/REISAN/pw/inventori-app/backend/tests/Feature/UserManagementTest.php" line="240" class="Tests\Feature\UserManagementTest" classname="Tests.Feature.UserManagementTest" assertions="3" time="0.017538"/>
        <testcase name="deactivated_user_cannot_access_protected_routes" file="/run/media/reip/REISAN/pw/inventori-app/backend/tests/Feature/UserManagementTest.php" line="258" class="Tests\Feature\UserManagementTest" classname="Tests.Feature.UserManagementTest" assertions="2" time="0.021770"/>
        <testcase name="deactivated_user_cannot_login" file="/run/media/reip/REISAN/pw/inventori-app/backend/tests/Feature/UserManagementTest.php" line="275" class="Tests\Feature\UserManagementTest" classname="Tests.Feature.UserManagementTest" assertions="2" time="0.022460"/>
        <testcase name="pengelola_cannot_deactivate_themselves" file="/run/media/reip/REISAN/pw/inventori-app/backend/tests/Feature/UserManagementTest.php" line="300" class="Tests\Feature\UserManagementTest" classname="Tests.Feature.UserManagementTest" assertions="2" time="0.017736"/>
        <testcase name="deactivate_returns_404_for_nonexistent_user" file="/run/media/reip/REISAN/pw/inventori-app/backend/tests/Feature/UserManagementTest.php" line="312" class="Tests\Feature\UserManagementTest" classname="Tests.Feature.UserManagementTest" assertions="2" time="0.019939"/>
        <testcase name="kasir_cannot_deactivate_user" file="/run/media/reip/REISAN/pw/inventori-app/backend/tests/Feature/UserManagementTest.php" line="324" class="Tests\Feature\UserManagementTest" classname="Tests.Feature.UserManagementTest" assertions="1" time="0.021251"/>
      </testsuite>
    </testsuite>
  </testsuite>
</testsuites>
